<?xml version="1.0" encoding="UTF-8"?>
<testng-results skipped="0" failed="0" ignored="0" total="1" passed="1">
  <reporter-output>
  </reporter-output>
  <suite name="Default suite" duration-ms="11982" started-at="2018-10-05T11:22:29Z" finished-at="2018-10-05T11:22:41Z">
    <groups>
    </groups>
    <test name="Default test" duration-ms="11982" started-at="2018-10-05T11:22:29Z" finished-at="2018-10-05T11:22:41Z">
      <class name="firstpackage.NewTest">
        <test-method status="PASS" signature="dateTimePicker()[pri:0, instance:firstpackage.NewTest@475530b9]" name="dateTimePicker" duration-ms="11944" started-at="2018-10-05T11:22:29Z" finished-at="2018-10-05T11:22:41Z">
          <reporter-output>
          </reporter-output>
        </test-method> <!-- dateTimePicker -->
      </class> <!-- firstpackage.NewTest -->
    </test> <!-- Default test -->
  </suite> <!-- Default suite -->
</testng-results>
